<?xml version="1.0" encoding="UTF-8"?>
<!-- Generated by org.testng.reporters.JUnitReportReporter -->
<testsuite skipped="0" hostname="DESKTOP-G72AD5H" name="com.cybersuccess.mvnproj.Demo" tests="1" failures="0" timestamp="2021-05-16T12:50:38 IST" time="14.572" errors="0">
  <testcase name="mavenOne" time="14.572" classname="com.cybersuccess.mvnproj.Demo"/>
  <system-out/>
</testsuite> <!-- com.cybersuccess.mvnproj.Demo -->
