<?xml version="1.0" encoding="UTF-8"?>
<!-- Generated by org.testng.reporters.JUnitReportReporter -->
<testsuite skipped="0" hostname="DESKTOP-G72AD5H" name="com.cybersuccess.mvnproj.DemoTest" tests="1" failures="0" timestamp="2021-05-16T12:00:59 IST" time="24.008" errors="0">
  <testcase name="mavenOne" time="24.008" classname="com.cybersuccess.mvnproj.DemoTest"/>
  <system-out/>
</testsuite> <!-- com.cybersuccess.mvnproj.DemoTest -->
