<?xml version="1.0" encoding="UTF-8"?>
<!-- Generated by org.testng.reporters.JUnitReportReporter -->
<testsuite skipped="0" hostname="DESKTOP-G72AD5H" name="com.cybersuccess.mvnproj.Sample" tests="1" failures="0" timestamp="2021-05-16T12:50:38 IST" time="26.763" errors="0">
  <testcase name="mavenTwo" time="26.763" classname="com.cybersuccess.mvnproj.Sample"/>
  <system-out/>
</testsuite> <!-- com.cybersuccess.mvnproj.Sample -->
